/home/praful_pawar/dreambot_ws/install/dreambot_py_examples/lib/python3.12/site-packages/dreambot_py_examples/simple_publisher.py
/home/praful_pawar/dreambot_ws/install/dreambot_py_examples/lib/python3.12/site-packages/dreambot_py_examples/simple_parameter.py
/home/praful_pawar/dreambot_ws/install/dreambot_py_examples/lib/python3.12/site-packages/dreambot_py_examples/__init__.py
/home/praful_pawar/dreambot_ws/install/dreambot_py_examples/lib/python3.12/site-packages/dreambot_py_examples/simple_subscriber.py
/home/praful_pawar/dreambot_ws/install/dreambot_py_examples/lib/python3.12/site-packages/dreambot_py_examples/__pycache__/simple_publisher.cpython-312.pyc
/home/praful_pawar/dreambot_ws/install/dreambot_py_examples/lib/python3.12/site-packages/dreambot_py_examples/__pycache__/simple_parameter.cpython-312.pyc
/home/praful_pawar/dreambot_ws/install/dreambot_py_examples/lib/python3.12/site-packages/dreambot_py_examples/__pycache__/__init__.cpython-312.pyc
/home/praful_pawar/dreambot_ws/install/dreambot_py_examples/lib/python3.12/site-packages/dreambot_py_examples/__pycache__/simple_subscriber.cpython-312.pyc
/home/praful_pawar/dreambot_ws/install/dreambot_py_examples/share/ament_index/resource_index/packages/dreambot_py_examples
/home/praful_pawar/dreambot_ws/install/dreambot_py_examples/share/dreambot_py_examples/package.xml
/home/praful_pawar/dreambot_ws/install/dreambot_py_examples/lib/python3.12/site-packages/dreambot_py_examples-0.0.0-py3.12.egg-info/PKG-INFO
/home/praful_pawar/dreambot_ws/install/dreambot_py_examples/lib/python3.12/site-packages/dreambot_py_examples-0.0.0-py3.12.egg-info/entry_points.txt
/home/praful_pawar/dreambot_ws/install/dreambot_py_examples/lib/python3.12/site-packages/dreambot_py_examples-0.0.0-py3.12.egg-info/requires.txt
/home/praful_pawar/dreambot_ws/install/dreambot_py_examples/lib/python3.12/site-packages/dreambot_py_examples-0.0.0-py3.12.egg-info/zip-safe
/home/praful_pawar/dreambot_ws/install/dreambot_py_examples/lib/python3.12/site-packages/dreambot_py_examples-0.0.0-py3.12.egg-info/dependency_links.txt
/home/praful_pawar/dreambot_ws/install/dreambot_py_examples/lib/python3.12/site-packages/dreambot_py_examples-0.0.0-py3.12.egg-info/top_level.txt
/home/praful_pawar/dreambot_ws/install/dreambot_py_examples/lib/python3.12/site-packages/dreambot_py_examples-0.0.0-py3.12.egg-info/SOURCES.txt
/home/praful_pawar/dreambot_ws/install/dreambot_py_examples/lib/dreambot_py_examples/simple_action
/home/praful_pawar/dreambot_ws/install/dreambot_py_examples/lib/dreambot_py_examples/simple_client
/home/praful_pawar/dreambot_ws/install/dreambot_py_examples/lib/dreambot_py_examples/simple_parameter
/home/praful_pawar/dreambot_ws/install/dreambot_py_examples/lib/dreambot_py_examples/simple_publisher
/home/praful_pawar/dreambot_ws/install/dreambot_py_examples/lib/dreambot_py_examples/simple_service
/home/praful_pawar/dreambot_ws/install/dreambot_py_examples/lib/dreambot_py_examples/simple_subscriber
